./sources/Local/La Rochelle/41 ETP 271/La Rochelle - Sorties - 1718-1780.csv ordered
./sources/Local/La Rochelle/41 ETP 270/La Rochelle - Entrées - 1718-1780.csv ordered
replacing coma float separator by dot separator ./sources/Local/Grenoble, Lyon & Valence/Lyon Sorties 1752.csv
./sources/Local/Grenoble, Lyon & Valence/Lyon Sorties 1752.csv ordered
replacing coma float separator by dot separator ./sources/Local/Montpellier/Années_1730.csv
./sources/Local/Montpellier/Années_1730.csv ordered
./sources/National/Résumé/AN/F_12_251/1789.csv ordered
./sources/National/Résumé/AN/F_12_251/1813.csv ordered
./sources/National/Résumé/AN/F_12_251/1819.csv ordered
./sources/National/Résumé/AN/F_12_251/1788.csv ordered
./sources/National/Résumé/AN/F_12_251/1816.csv ordered
./sources/National/Résumé/AN/F_12_251/1820.csv ordered
./sources/National/Résumé/AN/F_12_251/1817.csv ordered
./sources/National/Résumé/AN/F_12_251/An6.csv ordered
./sources/National/Résumé/AN/F_12_251/An5.csv ordered
./sources/National/Résumé/AN/F_12_251/1821.csv ordered
./sources/National/Résumé/AN/F_12_251/1810.csv ordered
./sources/National/Résumé/AN/F_12_251/An10.csv ordered
./sources/National/Résumé/AN/F_12_251/1807.csv ordered
./sources/National/Résumé/AN/F_12_251/An13.csv ordered
./sources/National/Résumé/AN/F_12_251/1812.csv ordered
./sources/National/Résumé/AN/F_12_251/1815.csv ordered
./sources/National/Résumé/AN/F_12_251/1787.csv ordered
./sources/National/Résumé/AN/F_12_251/An11.csv ordered
./sources/National/Résumé/AN/F_12_251/An14&1806.csv ordered
./sources/National/Résumé/AN/F_12_251/An9.csv ordered
./sources/National/Résumé/AN/F_12_251/1814.csv ordered
./sources/National/Résumé/AN/F_12_251/1818.csv ordered
./sources/National/Résumé/AN/F_12_251/An8.csv ordered
./sources/National/Résumé/AN/F_12_251/1809.csv ordered
./sources/National/Résumé/AN/F_12_251/1808.csv ordered
./sources/National/Résumé/AN/F_12_251/1811.csv ordered
./sources/National/Résumé/AN/F_12_251/An7.csv ordered
./sources/National/Résumé/AN/F_12_251/An12.csv ordered
couldn't order ./sources/National/Tableau Général/Tableau Général.csv
./sources/National/Objet Général/AN Paris/F_12_1835_1788/1788.csv ordered
./sources/National/Objet Général/AN Paris/F_12_245_1777/1777.csv ordered
./sources/National/Objet Général/AN Paris/F_12_247_1779/1779.csv ordered
./sources/National/Objet Général/AN Paris/F_12_243_1776/1776.csv ordered
./sources/National/Objet Général/AN Paris/F_12_248_1780/1780.csv ordered
./sources/National/Objet Général/AN Paris/F_12_246_1778/1778.csv ordered
./sources/National/Objet Général/AN Paris/F_12_250_1787/1787.csv ordered
./sources/National/Objet Général/AN Paris/F_12_242_1775/1775.csv ordered
./sources/National/Objet Général/AN Paris/F_12_249bis_1782/1782.csv ordered
./sources/National/Objet Général/IIHS - Amsterdam/1767.csv ordered
./sources/National/Objet Général/IIHS - Amsterdam/1771.csv ordered
./sources/National/Objet Général/IIHS - Amsterdam/1770.csv ordered
./sources/National/Objet Général/IIHS - Amsterdam/1773.csv ordered
./sources/National/Objet Général/IIHS - Amsterdam/1769.csv ordered
./sources/National/Objet Général/IIHS - Amsterdam/1774.csv ordered
./sources/National/Objet Général/IIHS - Amsterdam/1768.csv ordered
replacing coma float separator by dot separator ./sources/National/Objet Général/Rouen/Bibliothèque Municipale Rouen/Ms Montbret 155-2/1760.csv
./sources/National/Objet Général/Rouen/Bibliothèque Municipale Rouen/Ms Montbret 155-2/1760.csv ordered
./sources/National/Objet Général/Rouen/Bibliothèque Municipale Rouen/Ms Montbret 155-2/1759.csv ordered
replacing coma float separator by dot separator ./sources/National/Objet Général/Rouen/Bibliothèque Municipale Rouen/Ms Montbret 155-2/1758.csv
./sources/National/Objet Général/Rouen/Bibliothèque Municipale Rouen/Ms Montbret 155-2/1758.csv ordered
./sources/National/Objet Général/Rouen/Bibliothèque Municipale Rouen/Ms Montbret 849/1772.csv ordered
./sources/National/Objet Général/Rouen/Bibliothèque Municipale Rouen/Ms Montbret 849/1752.csv ordered
./sources/National/Objet Général/Rouen/Bibliothèque Municipale Rouen/Ms Montbret 155-1/1761.csv ordered
./sources/National/Objet Général/Rouen/Bibliothèque Municipale Rouen/Ms Montbret 155-1/1754.csv ordered
replacing coma float separator by dot separator ./sources/National/Objet Général/Rouen/Bibliothèque Municipale Rouen/Ms Montbret 155-1/1756.csv
./sources/National/Objet Général/Rouen/Bibliothèque Municipale Rouen/Ms Montbret 155-1/1756.csv ordered
./sources/National/Objet Général/Rouen/Bibliothèque Municipale Rouen/Ms Montbret 155-1/1755.csv ordered
./sources/National/Objet Général/Rouen/Bibliothèque Municipale Rouen/Ms Montbret 155-1/1757.csv ordered
couldn't order ./sources/Divers/AN/F_12_1835/F12_1835 - tableau3.csv
couldn't order ./sources/Divers/AN/F_12_1835/F12_1835 - tableau5.csv
couldn't order ./sources/Divers/AN/F_12_1835/F12_1835 - tableau1.csv
couldn't order ./sources/Divers/AN/F_12_1835/F12_1835 - tableau2.csv
couldn't order ./sources/Divers/AN/F_12_1835/F12_1835 - tableau6.csv
couldn't order ./sources/Divers/AN/F_12_1835/F12_1835 - tableau4.csv
couldn't order ./sources/Divers/AN/F_12_1834A/1671.csv
./sources/National par direction/Saint-Brieuc/1750.csv ordered
./sources/National par direction/AN/F_12_1666 et 1667/1789.csv ordered
